<?xml version="1.0" encoding="UTF-8"?>
<testsuite xmlns:xsi="http://www.w3.org/2001/XMLSchema-instance" xsi:noNamespaceSchemaLocation="https://maven.apache.org/surefire/maven-surefire-plugin/xsd/surefire-test-report.xsd" name="io.gameofmovement.controller.PlayerControllerTest" time="5.9" tests="5" errors="0" skipped="0" failures="3">
  <properties>
    <property name="awt.toolkit" value="sun.awt.X11.XToolkit"/>
    <property name="java.specification.version" value="11"/>
    <property name="sun.cpu.isalist" value=""/>
    <property name="sun.jnu.encoding" value="UTF-8"/>
    <property name="java.class.path" value="/home/marco/git/personal/game-of-movement/game-of-movement-java-api/target/test-classes:/home/marco/git/personal/game-of-movement/game-of-movement-java-api/target/classes:/home/marco/.m2/repository/com/google/code/gson/gson/2.8.6/gson-2.8.6.jar:/home/marco/.m2/repository/org/projectlombok/lombok/1.18.16/lombok-1.18.16.jar:/home/marco/.m2/repository/org/springframework/boot/spring-boot-starter-web/2.4.0/spring-boot-starter-web-2.4.0.jar:/home/marco/.m2/repository/org/springframework/boot/spring-boot-starter/2.4.0/spring-boot-starter-2.4.0.jar:/home/marco/.m2/repository/org/springframework/boot/spring-boot/2.4.0/spring-boot-2.4.0.jar:/home/marco/.m2/repository/org/springframework/boot/spring-boot-autoconfigure/2.4.0/spring-boot-autoconfigure-2.4.0.jar:/home/marco/.m2/repository/org/springframework/boot/spring-boot-starter-logging/2.4.0/spring-boot-starter-logging-2.4.0.jar:/home/marco/.m2/repository/ch/qos/logback/logback-classic/1.2.3/logback-classic-1.2.3.jar:/home/marco/.m2/repository/ch/qos/logback/logback-core/1.2.3/logback-core-1.2.3.jar:/home/marco/.m2/repository/org/apache/logging/log4j/log4j-to-slf4j/2.13.3/log4j-to-slf4j-2.13.3.jar:/home/marco/.m2/repository/org/apache/logging/log4j/log4j-api/2.13.3/log4j-api-2.13.3.jar:/home/marco/.m2/repository/org/slf4j/jul-to-slf4j/1.7.30/jul-to-slf4j-1.7.30.jar:/home/marco/.m2/repository/jakarta/annotation/jakarta.annotation-api/1.3.5/jakarta.annotation-api-1.3.5.jar:/home/marco/.m2/repository/org/yaml/snakeyaml/1.27/snakeyaml-1.27.jar:/home/marco/.m2/repository/org/springframework/boot/spring-boot-starter-json/2.4.0/spring-boot-starter-json-2.4.0.jar:/home/marco/.m2/repository/com/fasterxml/jackson/datatype/jackson-datatype-jdk8/2.11.3/jackson-datatype-jdk8-2.11.3.jar:/home/marco/.m2/repository/com/fasterxml/jackson/module/jackson-module-parameter-names/2.11.3/jackson-module-parameter-names-2.11.3.jar:/home/marco/.m2/repository/org/springframework/boot/spring-boot-starter-tomcat/2.4.0/spring-boot-starter-tomcat-2.4.0.jar:/home/marco/.m2/repository/org/apache/tomcat/embed/tomcat-embed-core/9.0.39/tomcat-embed-core-9.0.39.jar:/home/marco/.m2/repository/org/apache/tomcat/embed/tomcat-embed-websocket/9.0.39/tomcat-embed-websocket-9.0.39.jar:/home/marco/.m2/repository/org/springframework/spring-web/5.3.1/spring-web-5.3.1.jar:/home/marco/.m2/repository/org/springframework/spring-beans/5.3.1/spring-beans-5.3.1.jar:/home/marco/.m2/repository/org/springframework/spring-webmvc/5.3.1/spring-webmvc-5.3.1.jar:/home/marco/.m2/repository/org/springframework/spring-aop/5.3.1/spring-aop-5.3.1.jar:/home/marco/.m2/repository/org/springframework/spring-expression/5.3.1/spring-expression-5.3.1.jar:/home/marco/.m2/repository/org/springframework/boot/spring-boot-starter-test/2.4.0/spring-boot-starter-test-2.4.0.jar:/home/marco/.m2/repository/org/springframework/boot/spring-boot-test/2.4.0/spring-boot-test-2.4.0.jar:/home/marco/.m2/repository/org/springframework/boot/spring-boot-test-autoconfigure/2.4.0/spring-boot-test-autoconfigure-2.4.0.jar:/home/marco/.m2/repository/com/jayway/jsonpath/json-path/2.4.0/json-path-2.4.0.jar:/home/marco/.m2/repository/net/minidev/json-smart/2.3/json-smart-2.3.jar:/home/marco/.m2/repository/net/minidev/accessors-smart/1.2/accessors-smart-1.2.jar:/home/marco/.m2/repository/org/ow2/asm/asm/5.0.4/asm-5.0.4.jar:/home/marco/.m2/repository/jakarta/xml/bind/jakarta.xml.bind-api/2.3.3/jakarta.xml.bind-api-2.3.3.jar:/home/marco/.m2/repository/jakarta/activation/jakarta.activation-api/1.2.2/jakarta.activation-api-1.2.2.jar:/home/marco/.m2/repository/org/assertj/assertj-core/3.18.1/assertj-core-3.18.1.jar:/home/marco/.m2/repository/org/hamcrest/hamcrest/2.2/hamcrest-2.2.jar:/home/marco/.m2/repository/org/junit/jupiter/junit-jupiter/5.7.0/junit-jupiter-5.7.0.jar:/home/marco/.m2/repository/org/junit/jupiter/junit-jupiter-api/5.7.0/junit-jupiter-api-5.7.0.jar:/home/marco/.m2/repository/org/apiguardian/apiguardian-api/1.1.0/apiguardian-api-1.1.0.jar:/home/marco/.m2/repository/org/opentest4j/opentest4j/1.2.0/opentest4j-1.2.0.jar:/home/marco/.m2/repository/org/junit/platform/junit-platform-commons/1.7.0/junit-platform-commons-1.7.0.jar:/home/marco/.m2/repository/org/junit/jupiter/junit-jupiter-params/5.7.0/junit-jupiter-params-5.7.0.jar:/home/marco/.m2/repository/org/junit/jupiter/junit-jupiter-engine/5.7.0/junit-jupiter-engine-5.7.0.jar:/home/marco/.m2/repository/org/junit/platform/junit-platform-engine/1.7.0/junit-platform-engine-1.7.0.jar:/home/marco/.m2/repository/org/mockito/mockito-core/3.6.0/mockito-core-3.6.0.jar:/home/marco/.m2/repository/net/bytebuddy/byte-buddy/1.10.18/byte-buddy-1.10.18.jar:/home/marco/.m2/repository/net/bytebuddy/byte-buddy-agent/1.10.18/byte-buddy-agent-1.10.18.jar:/home/marco/.m2/repository/org/objenesis/objenesis/3.1/objenesis-3.1.jar:/home/marco/.m2/repository/org/mockito/mockito-junit-jupiter/3.6.0/mockito-junit-jupiter-3.6.0.jar:/home/marco/.m2/repository/org/skyscreamer/jsonassert/1.5.0/jsonassert-1.5.0.jar:/home/marco/.m2/repository/com/vaadin/external/google/android-json/0.0.20131108.vaadin1/android-json-0.0.20131108.vaadin1.jar:/home/marco/.m2/repository/org/springframework/spring-core/5.3.1/spring-core-5.3.1.jar:/home/marco/.m2/repository/org/springframework/spring-jcl/5.3.1/spring-jcl-5.3.1.jar:/home/marco/.m2/repository/org/springframework/spring-test/5.3.1/spring-test-5.3.1.jar:/home/marco/.m2/repository/org/xmlunit/xmlunit-core/2.7.0/xmlunit-core-2.7.0.jar:/home/marco/.m2/repository/org/springframework/boot/spring-boot-starter-actuator/2.4.0/spring-boot-starter-actuator-2.4.0.jar:/home/marco/.m2/repository/org/springframework/boot/spring-boot-actuator-autoconfigure/2.4.0/spring-boot-actuator-autoconfigure-2.4.0.jar:/home/marco/.m2/repository/org/springframework/boot/spring-boot-actuator/2.4.0/spring-boot-actuator-2.4.0.jar:/home/marco/.m2/repository/io/micrometer/micrometer-core/1.6.1/micrometer-core-1.6.1.jar:/home/marco/.m2/repository/org/hdrhistogram/HdrHistogram/2.1.12/HdrHistogram-2.1.12.jar:/home/marco/.m2/repository/org/latencyutils/LatencyUtils/2.0.3/LatencyUtils-2.0.3.jar:/home/marco/.m2/repository/org/springframework/boot/spring-boot-starter-validation/2.4.0/spring-boot-starter-validation-2.4.0.jar:/home/marco/.m2/repository/org/glassfish/jakarta.el/3.0.3/jakarta.el-3.0.3.jar:/home/marco/.m2/repository/org/hibernate/validator/hibernate-validator/6.1.6.Final/hibernate-validator-6.1.6.Final.jar:/home/marco/.m2/repository/jakarta/validation/jakarta.validation-api/2.0.2/jakarta.validation-api-2.0.2.jar:/home/marco/.m2/repository/org/jboss/logging/jboss-logging/3.4.1.Final/jboss-logging-3.4.1.Final.jar:/home/marco/.m2/repository/com/fasterxml/jackson/datatype/jackson-datatype-jsr310/2.11.3/jackson-datatype-jsr310-2.11.3.jar:/home/marco/.m2/repository/com/fasterxml/jackson/core/jackson-annotations/2.11.3/jackson-annotations-2.11.3.jar:/home/marco/.m2/repository/com/fasterxml/jackson/core/jackson-core/2.11.3/jackson-core-2.11.3.jar:/home/marco/.m2/repository/com/fasterxml/jackson/core/jackson-databind/2.11.3/jackson-databind-2.11.3.jar:/home/marco/.m2/repository/io/springfox/springfox-boot-starter/3.0.0/springfox-boot-starter-3.0.0.jar:/home/marco/.m2/repository/io/springfox/springfox-oas/3.0.0/springfox-oas-3.0.0.jar:/home/marco/.m2/repository/io/swagger/core/v3/swagger-annotations/2.1.2/swagger-annotations-2.1.2.jar:/home/marco/.m2/repository/io/swagger/core/v3/swagger-models/2.1.2/swagger-models-2.1.2.jar:/home/marco/.m2/repository/io/springfox/springfox-spi/3.0.0/springfox-spi-3.0.0.jar:/home/marco/.m2/repository/io/springfox/springfox-schema/3.0.0/springfox-schema-3.0.0.jar:/home/marco/.m2/repository/io/springfox/springfox-core/3.0.0/springfox-core-3.0.0.jar:/home/marco/.m2/repository/io/springfox/springfox-spring-web/3.0.0/springfox-spring-web-3.0.0.jar:/home/marco/.m2/repository/io/github/classgraph/classgraph/4.8.83/classgraph-4.8.83.jar:/home/marco/.m2/repository/io/springfox/springfox-spring-webmvc/3.0.0/springfox-spring-webmvc-3.0.0.jar:/home/marco/.m2/repository/io/springfox/springfox-spring-webflux/3.0.0/springfox-spring-webflux-3.0.0.jar:/home/marco/.m2/repository/io/springfox/springfox-swagger-common/3.0.0/springfox-swagger-common-3.0.0.jar:/home/marco/.m2/repository/org/mapstruct/mapstruct/1.3.1.Final/mapstruct-1.3.1.Final.jar:/home/marco/.m2/repository/io/springfox/springfox-data-rest/3.0.0/springfox-data-rest-3.0.0.jar:/home/marco/.m2/repository/io/springfox/springfox-bean-validators/3.0.0/springfox-bean-validators-3.0.0.jar:/home/marco/.m2/repository/io/springfox/springfox-swagger2/3.0.0/springfox-swagger2-3.0.0.jar:/home/marco/.m2/repository/io/swagger/swagger-annotations/1.5.20/swagger-annotations-1.5.20.jar:/home/marco/.m2/repository/io/swagger/swagger-models/1.5.20/swagger-models-1.5.20.jar:/home/marco/.m2/repository/io/springfox/springfox-swagger-ui/3.0.0/springfox-swagger-ui-3.0.0.jar:/home/marco/.m2/repository/com/fasterxml/classmate/1.5.1/classmate-1.5.1.jar:/home/marco/.m2/repository/org/slf4j/slf4j-api/1.7.30/slf4j-api-1.7.30.jar:/home/marco/.m2/repository/org/springframework/plugin/spring-plugin-core/2.0.0.RELEASE/spring-plugin-core-2.0.0.RELEASE.jar:/home/marco/.m2/repository/org/springframework/plugin/spring-plugin-metadata/2.0.0.RELEASE/spring-plugin-metadata-2.0.0.RELEASE.jar:/home/marco/.m2/repository/org/springframework/kafka/spring-kafka/2.6.3/spring-kafka-2.6.3.jar:/home/marco/.m2/repository/org/springframework/spring-context/5.3.1/spring-context-5.3.1.jar:/home/marco/.m2/repository/org/springframework/spring-messaging/5.3.1/spring-messaging-5.3.1.jar:/home/marco/.m2/repository/org/springframework/spring-tx/5.3.1/spring-tx-5.3.1.jar:/home/marco/.m2/repository/org/springframework/retry/spring-retry/1.3.0/spring-retry-1.3.0.jar:/home/marco/.m2/repository/javax/annotation/javax.annotation-api/1.3.2/javax.annotation-api-1.3.2.jar:/home/marco/.m2/repository/org/apache/kafka/kafka-clients/2.6.0/kafka-clients-2.6.0.jar:/home/marco/.m2/repository/com/github/luben/zstd-jni/1.4.4-7/zstd-jni-1.4.4-7.jar:/home/marco/.m2/repository/org/lz4/lz4-java/1.7.1/lz4-java-1.7.1.jar:/home/marco/.m2/repository/org/xerial/snappy/snappy-java/1.1.7.3/snappy-java-1.1.7.3.jar:"/>
    <property name="java.vm.vendor" value="Oracle Corporation"/>
    <property name="sun.arch.data.model" value="64"/>
    <property name="java.vendor.url" value="https://openjdk.java.net/"/>
    <property name="user.timezone" value=""/>
    <property name="java.vm.specification.version" value="11"/>
    <property name="os.name" value="Linux"/>
    <property name="sun.java.launcher" value="SUN_STANDARD"/>
    <property name="user.country" value="US"/>
    <property name="sun.boot.library.path" value="/home/marco/software/jdk-11.0.7/lib"/>
    <property name="sun.java.command" value="/home/marco/git/personal/game-of-movement/game-of-movement-java-api/target/surefire/surefirebooter9505331474203617293.jar /home/marco/git/personal/game-of-movement/game-of-movement-java-api/target/surefire 2020-12-01T09-59-48_887-jvmRun1 surefire4457380671654530453tmp surefire_09967864032121193509tmp"/>
    <property name="jdk.debug" value="release"/>
    <property name="surefire.test.class.path" value="/home/marco/git/personal/game-of-movement/game-of-movement-java-api/target/test-classes:/home/marco/git/personal/game-of-movement/game-of-movement-java-api/target/classes:/home/marco/.m2/repository/com/google/code/gson/gson/2.8.6/gson-2.8.6.jar:/home/marco/.m2/repository/org/projectlombok/lombok/1.18.16/lombok-1.18.16.jar:/home/marco/.m2/repository/org/springframework/boot/spring-boot-starter-web/2.4.0/spring-boot-starter-web-2.4.0.jar:/home/marco/.m2/repository/org/springframework/boot/spring-boot-starter/2.4.0/spring-boot-starter-2.4.0.jar:/home/marco/.m2/repository/org/springframework/boot/spring-boot/2.4.0/spring-boot-2.4.0.jar:/home/marco/.m2/repository/org/springframework/boot/spring-boot-autoconfigure/2.4.0/spring-boot-autoconfigure-2.4.0.jar:/home/marco/.m2/repository/org/springframework/boot/spring-boot-starter-logging/2.4.0/spring-boot-starter-logging-2.4.0.jar:/home/marco/.m2/repository/ch/qos/logback/logback-classic/1.2.3/logback-classic-1.2.3.jar:/home/marco/.m2/repository/ch/qos/logback/logback-core/1.2.3/logback-core-1.2.3.jar:/home/marco/.m2/repository/org/apache/logging/log4j/log4j-to-slf4j/2.13.3/log4j-to-slf4j-2.13.3.jar:/home/marco/.m2/repository/org/apache/logging/log4j/log4j-api/2.13.3/log4j-api-2.13.3.jar:/home/marco/.m2/repository/org/slf4j/jul-to-slf4j/1.7.30/jul-to-slf4j-1.7.30.jar:/home/marco/.m2/repository/jakarta/annotation/jakarta.annotation-api/1.3.5/jakarta.annotation-api-1.3.5.jar:/home/marco/.m2/repository/org/yaml/snakeyaml/1.27/snakeyaml-1.27.jar:/home/marco/.m2/repository/org/springframework/boot/spring-boot-starter-json/2.4.0/spring-boot-starter-json-2.4.0.jar:/home/marco/.m2/repository/com/fasterxml/jackson/datatype/jackson-datatype-jdk8/2.11.3/jackson-datatype-jdk8-2.11.3.jar:/home/marco/.m2/repository/com/fasterxml/jackson/module/jackson-module-parameter-names/2.11.3/jackson-module-parameter-names-2.11.3.jar:/home/marco/.m2/repository/org/springframework/boot/spring-boot-starter-tomcat/2.4.0/spring-boot-starter-tomcat-2.4.0.jar:/home/marco/.m2/repository/org/apache/tomcat/embed/tomcat-embed-core/9.0.39/tomcat-embed-core-9.0.39.jar:/home/marco/.m2/repository/org/apache/tomcat/embed/tomcat-embed-websocket/9.0.39/tomcat-embed-websocket-9.0.39.jar:/home/marco/.m2/repository/org/springframework/spring-web/5.3.1/spring-web-5.3.1.jar:/home/marco/.m2/repository/org/springframework/spring-beans/5.3.1/spring-beans-5.3.1.jar:/home/marco/.m2/repository/org/springframework/spring-webmvc/5.3.1/spring-webmvc-5.3.1.jar:/home/marco/.m2/repository/org/springframework/spring-aop/5.3.1/spring-aop-5.3.1.jar:/home/marco/.m2/repository/org/springframework/spring-expression/5.3.1/spring-expression-5.3.1.jar:/home/marco/.m2/repository/org/springframework/boot/spring-boot-starter-test/2.4.0/spring-boot-starter-test-2.4.0.jar:/home/marco/.m2/repository/org/springframework/boot/spring-boot-test/2.4.0/spring-boot-test-2.4.0.jar:/home/marco/.m2/repository/org/springframework/boot/spring-boot-test-autoconfigure/2.4.0/spring-boot-test-autoconfigure-2.4.0.jar:/home/marco/.m2/repository/com/jayway/jsonpath/json-path/2.4.0/json-path-2.4.0.jar:/home/marco/.m2/repository/net/minidev/json-smart/2.3/json-smart-2.3.jar:/home/marco/.m2/repository/net/minidev/accessors-smart/1.2/accessors-smart-1.2.jar:/home/marco/.m2/repository/org/ow2/asm/asm/5.0.4/asm-5.0.4.jar:/home/marco/.m2/repository/jakarta/xml/bind/jakarta.xml.bind-api/2.3.3/jakarta.xml.bind-api-2.3.3.jar:/home/marco/.m2/repository/jakarta/activation/jakarta.activation-api/1.2.2/jakarta.activation-api-1.2.2.jar:/home/marco/.m2/repository/org/assertj/assertj-core/3.18.1/assertj-core-3.18.1.jar:/home/marco/.m2/repository/org/hamcrest/hamcrest/2.2/hamcrest-2.2.jar:/home/marco/.m2/repository/org/junit/jupiter/junit-jupiter/5.7.0/junit-jupiter-5.7.0.jar:/home/marco/.m2/repository/org/junit/jupiter/junit-jupiter-api/5.7.0/junit-jupiter-api-5.7.0.jar:/home/marco/.m2/repository/org/apiguardian/apiguardian-api/1.1.0/apiguardian-api-1.1.0.jar:/home/marco/.m2/repository/org/opentest4j/opentest4j/1.2.0/opentest4j-1.2.0.jar:/home/marco/.m2/repository/org/junit/platform/junit-platform-commons/1.7.0/junit-platform-commons-1.7.0.jar:/home/marco/.m2/repository/org/junit/jupiter/junit-jupiter-params/5.7.0/junit-jupiter-params-5.7.0.jar:/home/marco/.m2/repository/org/junit/jupiter/junit-jupiter-engine/5.7.0/junit-jupiter-engine-5.7.0.jar:/home/marco/.m2/repository/org/junit/platform/junit-platform-engine/1.7.0/junit-platform-engine-1.7.0.jar:/home/marco/.m2/repository/org/mockito/mockito-core/3.6.0/mockito-core-3.6.0.jar:/home/marco/.m2/repository/net/bytebuddy/byte-buddy/1.10.18/byte-buddy-1.10.18.jar:/home/marco/.m2/repository/net/bytebuddy/byte-buddy-agent/1.10.18/byte-buddy-agent-1.10.18.jar:/home/marco/.m2/repository/org/objenesis/objenesis/3.1/objenesis-3.1.jar:/home/marco/.m2/repository/org/mockito/mockito-junit-jupiter/3.6.0/mockito-junit-jupiter-3.6.0.jar:/home/marco/.m2/repository/org/skyscreamer/jsonassert/1.5.0/jsonassert-1.5.0.jar:/home/marco/.m2/repository/com/vaadin/external/google/android-json/0.0.20131108.vaadin1/android-json-0.0.20131108.vaadin1.jar:/home/marco/.m2/repository/org/springframework/spring-core/5.3.1/spring-core-5.3.1.jar:/home/marco/.m2/repository/org/springframework/spring-jcl/5.3.1/spring-jcl-5.3.1.jar:/home/marco/.m2/repository/org/springframework/spring-test/5.3.1/spring-test-5.3.1.jar:/home/marco/.m2/repository/org/xmlunit/xmlunit-core/2.7.0/xmlunit-core-2.7.0.jar:/home/marco/.m2/repository/org/springframework/boot/spring-boot-starter-actuator/2.4.0/spring-boot-starter-actuator-2.4.0.jar:/home/marco/.m2/repository/org/springframework/boot/spring-boot-actuator-autoconfigure/2.4.0/spring-boot-actuator-autoconfigure-2.4.0.jar:/home/marco/.m2/repository/org/springframework/boot/spring-boot-actuator/2.4.0/spring-boot-actuator-2.4.0.jar:/home/marco/.m2/repository/io/micrometer/micrometer-core/1.6.1/micrometer-core-1.6.1.jar:/home/marco/.m2/repository/org/hdrhistogram/HdrHistogram/2.1.12/HdrHistogram-2.1.12.jar:/home/marco/.m2/repository/org/latencyutils/LatencyUtils/2.0.3/LatencyUtils-2.0.3.jar:/home/marco/.m2/repository/org/springframework/boot/spring-boot-starter-validation/2.4.0/spring-boot-starter-validation-2.4.0.jar:/home/marco/.m2/repository/org/glassfish/jakarta.el/3.0.3/jakarta.el-3.0.3.jar:/home/marco/.m2/repository/org/hibernate/validator/hibernate-validator/6.1.6.Final/hibernate-validator-6.1.6.Final.jar:/home/marco/.m2/repository/jakarta/validation/jakarta.validation-api/2.0.2/jakarta.validation-api-2.0.2.jar:/home/marco/.m2/repository/org/jboss/logging/jboss-logging/3.4.1.Final/jboss-logging-3.4.1.Final.jar:/home/marco/.m2/repository/com/fasterxml/jackson/datatype/jackson-datatype-jsr310/2.11.3/jackson-datatype-jsr310-2.11.3.jar:/home/marco/.m2/repository/com/fasterxml/jackson/core/jackson-annotations/2.11.3/jackson-annotations-2.11.3.jar:/home/marco/.m2/repository/com/fasterxml/jackson/core/jackson-core/2.11.3/jackson-core-2.11.3.jar:/home/marco/.m2/repository/com/fasterxml/jackson/core/jackson-databind/2.11.3/jackson-databind-2.11.3.jar:/home/marco/.m2/repository/io/springfox/springfox-boot-starter/3.0.0/springfox-boot-starter-3.0.0.jar:/home/marco/.m2/repository/io/springfox/springfox-oas/3.0.0/springfox-oas-3.0.0.jar:/home/marco/.m2/repository/io/swagger/core/v3/swagger-annotations/2.1.2/swagger-annotations-2.1.2.jar:/home/marco/.m2/repository/io/swagger/core/v3/swagger-models/2.1.2/swagger-models-2.1.2.jar:/home/marco/.m2/repository/io/springfox/springfox-spi/3.0.0/springfox-spi-3.0.0.jar:/home/marco/.m2/repository/io/springfox/springfox-schema/3.0.0/springfox-schema-3.0.0.jar:/home/marco/.m2/repository/io/springfox/springfox-core/3.0.0/springfox-core-3.0.0.jar:/home/marco/.m2/repository/io/springfox/springfox-spring-web/3.0.0/springfox-spring-web-3.0.0.jar:/home/marco/.m2/repository/io/github/classgraph/classgraph/4.8.83/classgraph-4.8.83.jar:/home/marco/.m2/repository/io/springfox/springfox-spring-webmvc/3.0.0/springfox-spring-webmvc-3.0.0.jar:/home/marco/.m2/repository/io/springfox/springfox-spring-webflux/3.0.0/springfox-spring-webflux-3.0.0.jar:/home/marco/.m2/repository/io/springfox/springfox-swagger-common/3.0.0/springfox-swagger-common-3.0.0.jar:/home/marco/.m2/repository/org/mapstruct/mapstruct/1.3.1.Final/mapstruct-1.3.1.Final.jar:/home/marco/.m2/repository/io/springfox/springfox-data-rest/3.0.0/springfox-data-rest-3.0.0.jar:/home/marco/.m2/repository/io/springfox/springfox-bean-validators/3.0.0/springfox-bean-validators-3.0.0.jar:/home/marco/.m2/repository/io/springfox/springfox-swagger2/3.0.0/springfox-swagger2-3.0.0.jar:/home/marco/.m2/repository/io/swagger/swagger-annotations/1.5.20/swagger-annotations-1.5.20.jar:/home/marco/.m2/repository/io/swagger/swagger-models/1.5.20/swagger-models-1.5.20.jar:/home/marco/.m2/repository/io/springfox/springfox-swagger-ui/3.0.0/springfox-swagger-ui-3.0.0.jar:/home/marco/.m2/repository/com/fasterxml/classmate/1.5.1/classmate-1.5.1.jar:/home/marco/.m2/repository/org/slf4j/slf4j-api/1.7.30/slf4j-api-1.7.30.jar:/home/marco/.m2/repository/org/springframework/plugin/spring-plugin-core/2.0.0.RELEASE/spring-plugin-core-2.0.0.RELEASE.jar:/home/marco/.m2/repository/org/springframework/plugin/spring-plugin-metadata/2.0.0.RELEASE/spring-plugin-metadata-2.0.0.RELEASE.jar:/home/marco/.m2/repository/org/springframework/kafka/spring-kafka/2.6.3/spring-kafka-2.6.3.jar:/home/marco/.m2/repository/org/springframework/spring-context/5.3.1/spring-context-5.3.1.jar:/home/marco/.m2/repository/org/springframework/spring-messaging/5.3.1/spring-messaging-5.3.1.jar:/home/marco/.m2/repository/org/springframework/spring-tx/5.3.1/spring-tx-5.3.1.jar:/home/marco/.m2/repository/org/springframework/retry/spring-retry/1.3.0/spring-retry-1.3.0.jar:/home/marco/.m2/repository/javax/annotation/javax.annotation-api/1.3.2/javax.annotation-api-1.3.2.jar:/home/marco/.m2/repository/org/apache/kafka/kafka-clients/2.6.0/kafka-clients-2.6.0.jar:/home/marco/.m2/repository/com/github/luben/zstd-jni/1.4.4-7/zstd-jni-1.4.4-7.jar:/home/marco/.m2/repository/org/lz4/lz4-java/1.7.1/lz4-java-1.7.1.jar:/home/marco/.m2/repository/org/xerial/snappy/snappy-java/1.1.7.3/snappy-java-1.1.7.3.jar:"/>
    <property name="sun.cpu.endian" value="little"/>
    <property name="user.home" value="/home/marco"/>
    <property name="user.language" value="en"/>
    <property name="java.specification.vendor" value="Oracle Corporation"/>
    <property name="java.version.date" value="2020-04-14"/>
    <property name="java.home" value="/home/marco/software/jdk-11.0.7"/>
    <property name="file.separator" value="/"/>
    <property name="basedir" value="/home/marco/git/personal/game-of-movement/game-of-movement-java-api"/>
    <property name="java.vm.compressedOopsMode" value="Zero based"/>
    <property name="line.separator" value="&#10;"/>
    <property name="java.specification.name" value="Java Platform API Specification"/>
    <property name="java.vm.specification.vendor" value="Oracle Corporation"/>
    <property name="java.awt.graphicsenv" value="sun.awt.X11GraphicsEnvironment"/>
    <property name="surefire.real.class.path" value="/home/marco/git/personal/game-of-movement/game-of-movement-java-api/target/surefire/surefirebooter9505331474203617293.jar"/>
    <property name="sun.management.compiler" value="HotSpot 64-Bit Tiered Compilers"/>
    <property name="java.runtime.version" value="11.0.7+8-LTS"/>
    <property name="user.name" value="marco"/>
    <property name="path.separator" value=":"/>
    <property name="os.version" value="4.19.0-12-amd64"/>
    <property name="java.runtime.name" value="Java(TM) SE Runtime Environment"/>
    <property name="file.encoding" value="UTF-8"/>
    <property name="java.vm.name" value="Java HotSpot(TM) 64-Bit Server VM"/>
    <property name="java.vendor.version" value="18.9"/>
    <property name="localRepository" value="/home/marco/.m2/repository"/>
    <property name="java.vendor.url.bug" value="https://bugreport.java.com/bugreport/"/>
    <property name="java.io.tmpdir" value="/tmp"/>
    <property name="java.version" value="11.0.7"/>
    <property name="user.dir" value="/home/marco/git/personal/game-of-movement/game-of-movement-java-api"/>
    <property name="os.arch" value="amd64"/>
    <property name="java.vm.specification.name" value="Java Virtual Machine Specification"/>
    <property name="java.awt.printerjob" value="sun.print.PSPrinterJob"/>
    <property name="sun.os.patch.level" value="unknown"/>
    <property name="java.library.path" value="/usr/java/packages/lib:/usr/lib64:/lib64:/lib:/usr/lib"/>
    <property name="java.vendor" value="Oracle Corporation"/>
    <property name="java.vm.info" value="mixed mode"/>
    <property name="java.vm.version" value="11.0.7+8-LTS"/>
    <property name="sun.io.unicode.encoding" value="UnicodeLittle"/>
    <property name="java.class.version" value="55.0"/>
  </properties>
  <testcase name="testReset" classname="io.gameofmovement.controller.PlayerControllerTest" time="0.51"/>
  <testcase name="testPlay" classname="io.gameofmovement.controller.PlayerControllerTest" time="0.144">
    <failure message="expected: &lt;true&gt; but was: &lt;false&gt;" type="org.opentest4j.AssertionFailedError"><![CDATA[org.opentest4j.AssertionFailedError: expected: <true> but was: <false>
	at io.gameofmovement.controller.PlayerControllerTest.testPlay(PlayerControllerTest.java:68)
]]></failure>
    <system-out><![CDATA[2020-12-01 09:59:55.221  INFO 10029 --- [o-auto-1-exec-2] o.a.k.clients.producer.ProducerConfig    : ProducerConfig values: 
	acks = 1
	batch.size = 16384
	bootstrap.servers = [localhost:9092]
	buffer.memory = 33554432
	client.dns.lookup = use_all_dns_ips
	client.id = producer-1
	compression.type = none
	connections.max.idle.ms = 540000
	delivery.timeout.ms = 120000
	enable.idempotence = false
	interceptor.classes = []
	internal.auto.downgrade.txn.commit = true
	key.serializer = class org.apache.kafka.common.serialization.StringSerializer
	linger.ms = 0
	max.block.ms = 60000
	max.in.flight.requests.per.connection = 5
	max.request.size = 1048576
	metadata.max.age.ms = 300000
	metadata.max.idle.ms = 300000
	metric.reporters = []
	metrics.num.samples = 2
	metrics.recording.level = INFO
	metrics.sample.window.ms = 30000
	partitioner.class = class org.apache.kafka.clients.producer.internals.DefaultPartitioner
	receive.buffer.bytes = 32768
	reconnect.backoff.max.ms = 1000
	reconnect.backoff.ms = 50
	request.timeout.ms = 30000
	retries = 2147483647
	retry.backoff.ms = 100
	sasl.client.callback.handler.class = null
	sasl.jaas.config = null
	sasl.kerberos.kinit.cmd = /usr/bin/kinit
	sasl.kerberos.min.time.before.relogin = 60000
	sasl.kerberos.service.name = null
	sasl.kerberos.ticket.renew.jitter = 0.05
	sasl.kerberos.ticket.renew.window.factor = 0.8
	sasl.login.callback.handler.class = null
	sasl.login.class = null
	sasl.login.refresh.buffer.seconds = 300
	sasl.login.refresh.min.period.seconds = 60
	sasl.login.refresh.window.factor = 0.8
	sasl.login.refresh.window.jitter = 0.05
	sasl.mechanism = GSSAPI
	security.protocol = PLAINTEXT
	security.providers = null
	send.buffer.bytes = 131072
	ssl.cipher.suites = null
	ssl.enabled.protocols = [TLSv1.2, TLSv1.3]
	ssl.endpoint.identification.algorithm = https
	ssl.engine.factory.class = null
	ssl.key.password = null
	ssl.keymanager.algorithm = SunX509
	ssl.keystore.location = null
	ssl.keystore.password = null
	ssl.keystore.type = JKS
	ssl.protocol = TLSv1.3
	ssl.provider = null
	ssl.secure.random.implementation = null
	ssl.trustmanager.algorithm = PKIX
	ssl.truststore.location = null
	ssl.truststore.password = null
	ssl.truststore.type = JKS
	transaction.timeout.ms = 60000
	transactional.id = null
	value.serializer = class io.gameofmovement.util.PlaySerializer

2020-12-01 09:59:55.253  INFO 10029 --- [o-auto-1-exec-2] o.a.kafka.common.utils.AppInfoParser     : Kafka version: 2.6.0
2020-12-01 09:59:55.253  INFO 10029 --- [o-auto-1-exec-2] o.a.kafka.common.utils.AppInfoParser     : Kafka commitId: 62abe01bee039651
2020-12-01 09:59:55.253  INFO 10029 --- [o-auto-1-exec-2] o.a.kafka.common.utils.AppInfoParser     : Kafka startTimeMs: 1606827595253
2020-12-01 09:59:55.265  INFO 10029 --- [ad | producer-1] org.apache.kafka.clients.Metadata        : [Producer clientId=producer-1] Cluster ID: s-6D0GmMRhmdAyWzBKYRUw
2020-12-01 09:59:55.285  INFO 10029 --- [o-auto-1-exec-2] i.g.service.impl.PlayerServiceImpl       : Ready
2020-12-01 09:59:55.319  INFO 10029 --- [o-auto-1-exec-3] i.g.service.impl.PlayerServiceImpl       : Ready
]]></system-out>
  </testcase>
  <testcase name="testPlayInvalidPlayer" classname="io.gameofmovement.controller.PlayerControllerTest" time="0.064">
    <failure message="Unexpected exception type thrown ==&gt; expected: &lt;org.springframework.web.client.HttpClientErrorException.BadRequest&gt; but was: &lt;org.springframework.web.client.RestClientException&gt;" type="org.opentest4j.AssertionFailedError"><![CDATA[org.opentest4j.AssertionFailedError: Unexpected exception type thrown ==> expected: <org.springframework.web.client.HttpClientErrorException.BadRequest> but was: <org.springframework.web.client.RestClientException>
	at io.gameofmovement.controller.PlayerControllerTest.testPlayInvalidPlayer(PlayerControllerTest.java:141)
Caused by: org.springframework.web.client.RestClientException: 
Error while extracting response for type [class java.lang.Object] and content type [application/json]; nested exception is org.springframework.http.converter.HttpMessageNotReadableException: JSON parse error: Unrecognized token 'Invalid': was expecting (JSON String, Number, Array, Object or token 'null', 'true' or 'false'); nested exception is com.fasterxml.jackson.core.JsonParseException: Unrecognized token 'Invalid': was expecting (JSON String, Number, Array, Object or token 'null', 'true' or 'false')
 at [Source: (sun.net.www.protocol.http.HttpURLConnection$HttpInputStream); line: 1, column: 9]
	at io.gameofmovement.controller.PlayerControllerTest.lambda$testPlayInvalidPlayer$0(PlayerControllerTest.java:143)
	at io.gameofmovement.controller.PlayerControllerTest.testPlayInvalidPlayer(PlayerControllerTest.java:141)
Caused by: org.springframework.http.converter.HttpMessageNotReadableException: 
JSON parse error: Unrecognized token 'Invalid': was expecting (JSON String, Number, Array, Object or token 'null', 'true' or 'false'); nested exception is com.fasterxml.jackson.core.JsonParseException: Unrecognized token 'Invalid': was expecting (JSON String, Number, Array, Object or token 'null', 'true' or 'false')
 at [Source: (sun.net.www.protocol.http.HttpURLConnection$HttpInputStream); line: 1, column: 9]
	at io.gameofmovement.controller.PlayerControllerTest.lambda$testPlayInvalidPlayer$0(PlayerControllerTest.java:143)
	at io.gameofmovement.controller.PlayerControllerTest.testPlayInvalidPlayer(PlayerControllerTest.java:141)
Caused by: com.fasterxml.jackson.core.JsonParseException: 
Unrecognized token 'Invalid': was expecting (JSON String, Number, Array, Object or token 'null', 'true' or 'false')
 at [Source: (sun.net.www.protocol.http.HttpURLConnection$HttpInputStream); line: 1, column: 9]
	at io.gameofmovement.controller.PlayerControllerTest.lambda$testPlayInvalidPlayer$0(PlayerControllerTest.java:143)
	at io.gameofmovement.controller.PlayerControllerTest.testPlayInvalidPlayer(PlayerControllerTest.java:141)
]]></failure>
    <system-out><![CDATA[2020-12-01 09:59:55.349  INFO 10029 --- [o-auto-1-exec-6] i.g.service.impl.PlayerServiceImpl       : Restarted
2020-12-01 09:59:55.356  INFO 10029 --- [o-auto-1-exec-5] i.g.service.impl.PlayerServiceImpl       : Ready
2020-12-01 09:59:55.363  INFO 10029 --- [o-auto-1-exec-7] i.g.service.impl.PlayerServiceImpl       : Ready
2020-12-01 09:59:55.374  INFO 10029 --- [o-auto-1-exec-8] i.g.service.impl.PlayerServiceImpl       : Play(playerId=1, value=56)
2020-12-01 09:59:55.388  INFO 10029 --- [ntainer#0-0-C-1] io.gameofmovement.streaming.GameServer   : GameEvent(lastPlayerId=1, currentValue=56, message=null, status=STARTED)
]]></system-out>
  </testcase>
  <testcase name="testPlayInvalidValue" classname="io.gameofmovement.controller.PlayerControllerTest" time="0.038">
    <failure message="Unexpected exception type thrown ==&gt; expected: &lt;org.springframework.web.client.HttpClientErrorException.BadRequest&gt; but was: &lt;org.springframework.web.client.RestClientException&gt;" type="org.opentest4j.AssertionFailedError"><![CDATA[org.opentest4j.AssertionFailedError: Unexpected exception type thrown ==> expected: <org.springframework.web.client.HttpClientErrorException.BadRequest> but was: <org.springframework.web.client.RestClientException>
	at io.gameofmovement.controller.PlayerControllerTest.testPlayInvalidValue(PlayerControllerTest.java:169)
Caused by: org.springframework.web.client.RestClientException: 
Error while extracting response for type [class java.lang.Object] and content type [application/json]; nested exception is org.springframework.http.converter.HttpMessageNotReadableException: JSON parse error: Unrecognized token 'Invalid': was expecting (JSON String, Number, Array, Object or token 'null', 'true' or 'false'); nested exception is com.fasterxml.jackson.core.JsonParseException: Unrecognized token 'Invalid': was expecting (JSON String, Number, Array, Object or token 'null', 'true' or 'false')
 at [Source: (sun.net.www.protocol.http.HttpURLConnection$HttpInputStream); line: 1, column: 9]
	at io.gameofmovement.controller.PlayerControllerTest.lambda$testPlayInvalidValue$1(PlayerControllerTest.java:171)
	at io.gameofmovement.controller.PlayerControllerTest.testPlayInvalidValue(PlayerControllerTest.java:169)
Caused by: org.springframework.http.converter.HttpMessageNotReadableException: 
JSON parse error: Unrecognized token 'Invalid': was expecting (JSON String, Number, Array, Object or token 'null', 'true' or 'false'); nested exception is com.fasterxml.jackson.core.JsonParseException: Unrecognized token 'Invalid': was expecting (JSON String, Number, Array, Object or token 'null', 'true' or 'false')
 at [Source: (sun.net.www.protocol.http.HttpURLConnection$HttpInputStream); line: 1, column: 9]
	at io.gameofmovement.controller.PlayerControllerTest.lambda$testPlayInvalidValue$1(PlayerControllerTest.java:171)
	at io.gameofmovement.controller.PlayerControllerTest.testPlayInvalidValue(PlayerControllerTest.java:169)
Caused by: com.fasterxml.jackson.core.JsonParseException: 
Unrecognized token 'Invalid': was expecting (JSON String, Number, Array, Object or token 'null', 'true' or 'false')
 at [Source: (sun.net.www.protocol.http.HttpURLConnection$HttpInputStream); line: 1, column: 9]
	at io.gameofmovement.controller.PlayerControllerTest.lambda$testPlayInvalidValue$1(PlayerControllerTest.java:171)
	at io.gameofmovement.controller.PlayerControllerTest.testPlayInvalidValue(PlayerControllerTest.java:169)
]]></failure>
    <system-out><![CDATA[2020-12-01 09:59:55.414  INFO 10029 --- [-auto-1-exec-10] i.g.service.impl.PlayerServiceImpl       : Restarted
2020-12-01 09:59:55.422  INFO 10029 --- [o-auto-1-exec-1] i.g.service.impl.PlayerServiceImpl       : Ready
2020-12-01 09:59:55.428  INFO 10029 --- [o-auto-1-exec-2] i.g.service.impl.PlayerServiceImpl       : Ready
2020-12-01 09:59:55.436  INFO 10029 --- [o-auto-1-exec-3] i.g.service.impl.PlayerServiceImpl       : Play(playerId=1, value=56)
2020-12-01 09:59:55.439  INFO 10029 --- [ntainer#0-0-C-1] io.gameofmovement.streaming.GameServer   : GameEvent(lastPlayerId=1, currentValue=56, message=null, status=STARTED)
]]></system-out>
  </testcase>
  <testcase name="testPlayNotDivisible" classname="io.gameofmovement.controller.PlayerControllerTest" time="0.075"/>
</testsuite>